
*** Running vivado
    with args -log top.vds -m64 -product Vivado -mode batch -messageDb vivado.pb -notrace -source top.tcl



****** Vivado v2025.2 (64-bit)
  **** SW Build 6299465 on Fri Nov 14 19:35:11 GMT 2025
  **** IP Build 6300035 on Fri Nov 14 10:48:45 MST 2025
  **** SharedData Build 6298862 on Thu Nov 13 04:50:51 MST 2025
  **** Start of session at: Sun Jul  5 23:15:30 2026
    ** Copyright 1986-2022 Xilinx, Inc. All Rights Reserved.
    ** Copyright 2022-2025 Advanced Micro Devices, Inc. All Rights Reserved.

source top.tcl -notrace
create_project: Time (s): cpu = 00:00:09 ; elapsed = 00:00:13 . Memory (MB): peak = 531.719 ; gain = 218.133
Command: read_checkpoint -auto_incremental -incremental E:/FPGA_Kacke/fpga_camera/fpga_camera.srcs/utils_1/imports/synth_1/top.dcp
INFO: [Vivado 12-5825] Read reference checkpoint from E:/FPGA_Kacke/fpga_camera/fpga_camera.srcs/utils_1/imports/synth_1/top.dcp for incremental synthesis
INFO: [Vivado 12-7989] Please ensure there are no constraint changes
Command: synth_design -top top -part xc7a100tcsg324-1
Starting synth_design
Attempting to get a license for feature 'Synthesis' and/or device 'xc7a100t'
INFO: [Common 17-349] Got license for feature 'Synthesis' and/or device 'xc7a100t'
INFO: [Device 21-403] Loading part xc7a100tcsg324-1
INFO: [Designutils 20-5440] No compile time benefit to using incremental synthesis; A full resynthesis will be run
INFO: [Designutils 20-4379] Flow is switching to default flow due to incremental criteria not met. If you would like to alter this behaviour and have the flow terminate instead, please set the following parameter config_implementation {autoIncr.Synth.RejectBehavior Terminate}
INFO: [Synth 8-7079] Multithreading enabled for synth_design using a maximum of 2 processes.
INFO: [Synth 8-7078] Launching helper process for spawning children vivado processes
INFO: [Synth 8-7075] Helper process launched with PID 48584
---------------------------------------------------------------------------------
Starting RTL Elaboration : Time (s): cpu = 00:00:06 ; elapsed = 00:00:11 . Memory (MB): peak = 1298.852 ; gain = 542.391
---------------------------------------------------------------------------------
INFO: [Synth 8-638] synthesizing module 'top' [E:/FPGA_Kacke/fpga_camera/fpga_camera.srcs/sources_1/imports/sources_video_system/top.vhd:58]
INFO: [Synth 8-3491] module 'clk_wiz_1' declared at 'E:/FPGA_Kacke/fpga_camera/fpga_camera.runs/synth_1/.Xil/Vivado-24116-Ryzen-Rig/realtime/clk_wiz_1_stub.v:6' bound to instance 'clkgen0' of component 'clk_wiz_1' [E:/FPGA_Kacke/fpga_camera/fpga_camera.srcs/sources_1/imports/sources_video_system/top.vhd:101]
INFO: [Synth 8-6157] synthesizing module 'clk_wiz_1' [E:/FPGA_Kacke/fpga_camera/fpga_camera.runs/synth_1/.Xil/Vivado-24116-Ryzen-Rig/realtime/clk_wiz_1_stub.v:6]
INFO: [Synth 8-6155] done synthesizing module 'clk_wiz_1' (0#1) [E:/FPGA_Kacke/fpga_camera/fpga_camera.runs/synth_1/.Xil/Vivado-24116-Ryzen-Rig/realtime/clk_wiz_1_stub.v:6]
INFO: [Synth 8-638] synthesizing module 'ov7670_cam' [E:/FPGA_Kacke/fpga_camera/fpga_camera.srcs/sources_1/imports/sources_video_system/ov7670_cam.vhd:46]
INFO: [Synth 8-638] synthesizing module 'ov7670_control' [E:/FPGA_Kacke/fpga_camera/fpga_camera.srcs/sources_1/imports/sources_video_system/ov7670_control.vhd:31]
INFO: [Synth 8-638] synthesizing module 'ov7670_config' [E:/FPGA_Kacke/fpga_camera/fpga_camera.srcs/sources_1/imports/sources_video_system/ov7670_configuration.vhd:27]
INFO: [Synth 8-256] done synthesizing module 'ov7670_config' (0#1) [E:/FPGA_Kacke/fpga_camera/fpga_camera.srcs/sources_1/imports/sources_video_system/ov7670_configuration.vhd:27]
INFO: [Synth 8-638] synthesizing module 'i2c_tx' [E:/FPGA_Kacke/fpga_camera/fpga_camera.srcs/sources_1/imports/sources_video_system/i2c_tx.vhd:35]
	Parameter bytes bound to: 2 - type: integer 
INFO: [Synth 8-256] done synthesizing module 'i2c_tx' (0#1) [E:/FPGA_Kacke/fpga_camera/fpga_camera.srcs/sources_1/imports/sources_video_system/i2c_tx.vhd:35]
INFO: [Synth 8-256] done synthesizing module 'ov7670_control' (0#1) [E:/FPGA_Kacke/fpga_camera/fpga_camera.srcs/sources_1/imports/sources_video_system/ov7670_control.vhd:31]
INFO: [Synth 8-638] synthesizing module 'camdebug' [E:/FPGA_Kacke/fpga_camera/fpga_camera.srcs/sources_1/imports/sources_video_system/camdebug.vhd:22]
INFO: [Synth 8-256] done synthesizing module 'camdebug' (0#1) [E:/FPGA_Kacke/fpga_camera/fpga_camera.srcs/sources_1/imports/sources_video_system/camdebug.vhd:22]
INFO: [Synth 8-638] synthesizing module 'ov7670_capture' [E:/FPGA_Kacke/fpga_camera/fpga_camera.srcs/sources_1/imports/sources_video_system/ov7670_capture.vhd:35]
INFO: [Synth 8-256] done synthesizing module 'ov7670_capture' (0#1) [E:/FPGA_Kacke/fpga_camera/fpga_camera.srcs/sources_1/imports/sources_video_system/ov7670_capture.vhd:35]
INFO: [Synth 8-256] done synthesizing module 'ov7670_cam' (0#1) [E:/FPGA_Kacke/fpga_camera/fpga_camera.srcs/sources_1/imports/sources_video_system/ov7670_cam.vhd:46]
INFO: [Synth 8-638] synthesizing module 'colorbalancing' [E:/FPGA_Kacke/fpga_camera/fpga_camera.srcs/sources_1/imports/sources_video_system/colorbalancing.vhd:33]
INFO: [Synth 8-256] done synthesizing module 'colorbalancing' (0#1) [E:/FPGA_Kacke/fpga_camera/fpga_camera.srcs/sources_1/imports/sources_video_system/colorbalancing.vhd:33]
INFO: [Synth 8-638] synthesizing module 'wb_ui_top' [E:/FPGA_Kacke/fpga_camera/fpga_camera.srcs/sources_1/imports/new/wb_ui_top.vhd:56]
INFO: [Synth 8-638] synthesizing module 'debounce' [E:/FPGA_Kacke/fpga_camera/fpga_camera.srcs/sources_1/imports/new/debounce.vhd:29]
INFO: [Synth 8-256] done synthesizing module 'debounce' (0#1) [E:/FPGA_Kacke/fpga_camera/fpga_camera.srcs/sources_1/imports/new/debounce.vhd:29]
INFO: [Synth 8-638] synthesizing module 'repeat_timer' [E:/FPGA_Kacke/fpga_camera/fpga_camera.srcs/sources_1/imports/new/repeat_timer.vhd:27]
INFO: [Synth 8-256] done synthesizing module 'repeat_timer' (0#1) [E:/FPGA_Kacke/fpga_camera/fpga_camera.srcs/sources_1/imports/new/repeat_timer.vhd:27]
INFO: [Synth 8-638] synthesizing module 'channel_select' [E:/FPGA_Kacke/fpga_camera/fpga_camera.srcs/sources_1/imports/new/channel_select.vhd:29]
INFO: [Synth 8-256] done synthesizing module 'channel_select' (0#1) [E:/FPGA_Kacke/fpga_camera/fpga_camera.srcs/sources_1/imports/new/channel_select.vhd:29]
INFO: [Synth 8-638] synthesizing module 'gain_adjust' [E:/FPGA_Kacke/fpga_camera/fpga_camera.srcs/sources_1/imports/new/gain_adjust.vhd:30]
INFO: [Synth 8-256] done synthesizing module 'gain_adjust' (0#1) [E:/FPGA_Kacke/fpga_camera/fpga_camera.srcs/sources_1/imports/new/gain_adjust.vhd:30]
INFO: [Synth 8-638] synthesizing module 'bcd_converter' [E:/FPGA_Kacke/fpga_camera/fpga_camera.srcs/sources_1/imports/new/bcd_converter.vhd:31]
INFO: [Synth 8-256] done synthesizing module 'bcd_converter' (0#1) [E:/FPGA_Kacke/fpga_camera/fpga_camera.srcs/sources_1/imports/new/bcd_converter.vhd:31]
INFO: [Synth 8-638] synthesizing module 'seg7_display' [E:/FPGA_Kacke/fpga_camera/fpga_camera.srcs/sources_1/imports/new/seg7_display.vhd:38]
INFO: [Synth 8-226] default block is never used [E:/FPGA_Kacke/fpga_camera/fpga_camera.srcs/sources_1/imports/new/seg7_display.vhd:172]
INFO: [Synth 8-256] done synthesizing module 'seg7_display' (0#1) [E:/FPGA_Kacke/fpga_camera/fpga_camera.srcs/sources_1/imports/new/seg7_display.vhd:38]
INFO: [Synth 8-256] done synthesizing module 'wb_ui_top' (0#1) [E:/FPGA_Kacke/fpga_camera/fpga_camera.srcs/sources_1/imports/new/wb_ui_top.vhd:56]
INFO: [Synth 8-638] synthesizing module 'framebuffer' [E:/FPGA_Kacke/fpga_camera/fpga_camera.srcs/sources_1/imports/sources_video_system/framebuffer.vhd:28]
INFO: [Synth 8-256] done synthesizing module 'framebuffer' (0#1) [E:/FPGA_Kacke/fpga_camera/fpga_camera.srcs/sources_1/imports/sources_video_system/framebuffer.vhd:28]
INFO: [Synth 8-638] synthesizing module 'vga_controller' [E:/FPGA_Kacke/fpga_camera/fpga_camera.srcs/sources_1/imports/sources_video_system/vga_controller.vhd:34]
INFO: [Synth 8-256] done synthesizing module 'vga_controller' (0#1) [E:/FPGA_Kacke/fpga_camera/fpga_camera.srcs/sources_1/imports/sources_video_system/vga_controller.vhd:34]
INFO: [Synth 8-256] done synthesizing module 'top' (0#1) [E:/FPGA_Kacke/fpga_camera/fpga_camera.srcs/sources_1/imports/sources_video_system/top.vhd:58]
WARNING: [Synth 8-6014] Unused sequential element hprev_reg was removed.  [E:/FPGA_Kacke/fpga_camera/fpga_camera.srcs/sources_1/imports/sources_video_system/ov7670_capture.vhd:80]
WARNING: [Synth 8-6014] Unused sequential element lineinc_reg was removed.  [E:/FPGA_Kacke/fpga_camera/fpga_camera.srcs/sources_1/imports/sources_video_system/ov7670_capture.vhd:81]
WARNING: [Synth 8-6014] Unused sequential element yaddr_reg was removed.  [E:/FPGA_Kacke/fpga_camera/fpga_camera.srcs/sources_1/imports/sources_video_system/ov7670_capture.vhd:90]
WARNING: [Synth 8-6014] Unused sequential element frac_val_p_reg was removed.  [E:/FPGA_Kacke/fpga_camera/fpga_camera.srcs/sources_1/imports/new/bcd_converter.vhd:92]
WARNING: [Synth 8-7129] Port pixdata[11] in module vga_controller is either unconnected or has no load
WARNING: [Synth 8-7129] Port pixdata[6] in module vga_controller is either unconnected or has no load
WARNING: [Synth 8-7129] Port pixdata[5] in module vga_controller is either unconnected or has no load
WARNING: [Synth 8-7129] Port pixdata[0] in module vga_controller is either unconnected or has no load
WARNING: [Synth 8-7129] Port bcd[23] in module seg7_display is either unconnected or has no load
WARNING: [Synth 8-7129] Port bcd[22] in module seg7_display is either unconnected or has no load
WARNING: [Synth 8-7129] Port bcd[21] in module seg7_display is either unconnected or has no load
WARNING: [Synth 8-7129] Port bcd[20] in module seg7_display is either unconnected or has no load
WARNING: [Synth 8-7129] Port bcd[7] in module seg7_display is either unconnected or has no load
WARNING: [Synth 8-7129] Port bcd[6] in module seg7_display is either unconnected or has no load
WARNING: [Synth 8-7129] Port bcd[5] in module seg7_display is either unconnected or has no load
WARNING: [Synth 8-7129] Port bcd[4] in module seg7_display is either unconnected or has no load
WARNING: [Synth 8-7129] Port bcd[3] in module seg7_display is either unconnected or has no load
WARNING: [Synth 8-7129] Port bcd[2] in module seg7_display is either unconnected or has no load
WARNING: [Synth 8-7129] Port bcd[1] in module seg7_display is either unconnected or has no load
WARNING: [Synth 8-7129] Port bcd[0] in module seg7_display is either unconnected or has no load
---------------------------------------------------------------------------------
Finished RTL Elaboration : Time (s): cpu = 00:00:10 ; elapsed = 00:00:16 . Memory (MB): peak = 1490.367 ; gain = 733.906
---------------------------------------------------------------------------------
---------------------------------------------------------------------------------
Start Handling Custom Attributes
---------------------------------------------------------------------------------
---------------------------------------------------------------------------------
Finished Handling Custom Attributes : Time (s): cpu = 00:00:10 ; elapsed = 00:00:16 . Memory (MB): peak = 1490.367 ; gain = 733.906
---------------------------------------------------------------------------------
---------------------------------------------------------------------------------
Finished RTL Optimization Phase 1 : Time (s): cpu = 00:00:10 ; elapsed = 00:00:16 . Memory (MB): peak = 1490.367 ; gain = 733.906
---------------------------------------------------------------------------------
Netlist sorting complete. Time (s): cpu = 00:00:00 ; elapsed = 00:00:00.022 . Memory (MB): peak = 1490.367 ; gain = 0.000
INFO: [Project 1-570] Preparing netlist for logic optimization

Processing XDC Constraints
Initializing timing engine
Parsing XDC File [e:/FPGA_Kacke/fpga_camera/fpga_camera.gen/sources_1/ip/clk_wiz_1/clk_wiz_1/clk_wiz_1_in_context.xdc] for cell 'clkgen0'
Finished Parsing XDC File [e:/FPGA_Kacke/fpga_camera/fpga_camera.gen/sources_1/ip/clk_wiz_1/clk_wiz_1/clk_wiz_1_in_context.xdc] for cell 'clkgen0'
Parsing XDC File [E:/FPGA_Kacke/fpga_camera/fpga_camera.srcs/constrs_1/imports/sources_video_system/Nexys4DDR_Master.xdc]
Finished Parsing XDC File [E:/FPGA_Kacke/fpga_camera/fpga_camera.srcs/constrs_1/imports/sources_video_system/Nexys4DDR_Master.xdc]
INFO: [Project 1-236] Implementation specific constraints were found while reading constraint file [E:/FPGA_Kacke/fpga_camera/fpga_camera.srcs/constrs_1/imports/sources_video_system/Nexys4DDR_Master.xdc]. These constraints will be ignored for synthesis but will be used in implementation. Impacted constraints are listed in the file [.Xil/top_propImpl.xdc].
Resolution: To avoid this warning, move constraints listed in [.Xil/top_propImpl.xdc] to another XDC file and exclude this new file from synthesis with the used_in_synthesis property (File Properties dialog in GUI) and re-run elaboration/synthesis.
Completed Processing XDC Constraints

Netlist sorting complete. Time (s): cpu = 00:00:00 ; elapsed = 00:00:00.001 . Memory (MB): peak = 1560.613 ; gain = 0.000
INFO: [Project 1-111] Unisim Transformation Summary:
No Unisim elements were transformed.

Constraint Validation Runtime : Time (s): cpu = 00:00:00 ; elapsed = 00:00:00.035 . Memory (MB): peak = 1560.613 ; gain = 0.000
INFO: [Designutils 20-5440] No compile time benefit to using incremental synthesis; A full resynthesis will be run
INFO: [Designutils 20-4379] Flow is switching to default flow due to incremental criteria not met. If you would like to alter this behaviour and have the flow terminate instead, please set the following parameter config_implementation {autoIncr.Synth.RejectBehavior Terminate}
---------------------------------------------------------------------------------
Finished Constraint Validation : Time (s): cpu = 00:00:20 ; elapsed = 00:00:30 . Memory (MB): peak = 1560.613 ; gain = 804.152
---------------------------------------------------------------------------------
---------------------------------------------------------------------------------
Start Loading Part and Timing Information
---------------------------------------------------------------------------------
Loading part: xc7a100tcsg324-1
---------------------------------------------------------------------------------
Finished Loading Part and Timing Information : Time (s): cpu = 00:00:20 ; elapsed = 00:00:30 . Memory (MB): peak = 1560.613 ; gain = 804.152
---------------------------------------------------------------------------------
---------------------------------------------------------------------------------
Start Applying 'set_property' XDC Constraints
---------------------------------------------------------------------------------
---------------------------------------------------------------------------------
Finished applying 'set_property' XDC Constraints : Time (s): cpu = 00:00:20 ; elapsed = 00:00:30 . Memory (MB): peak = 1560.613 ; gain = 804.152
---------------------------------------------------------------------------------
INFO: [Synth 8-802] inferred FSM for state register 'state_reg' in module 'i2c_tx'
INFO: [Synth 8-802] inferred FSM for state register 'state_reg' in module 'ov7670_control'
INFO: [Synth 8-802] inferred FSM for state register 'state_reg' in module 'repeat_timer'
---------------------------------------------------------------------------------------------------
                   State |                     New Encoding |                Previous Encoding 
---------------------------------------------------------------------------------------------------
*
                    idle |                              000 |                              000
                startbit |                              001 |                              001
                  w_data |                              010 |                              010
                   w_ack |                              011 |                              011
                 stopbit |                              100 |                              100
                   pause |                              101 |                              101
---------------------------------------------------------------------------------------------------
INFO: [Synth 8-3354] encoded FSM with state register 'state_reg' using encoding 'sequential' in module 'i2c_tx'
---------------------------------------------------------------------------------------------------
                   State |                     New Encoding |                Previous Encoding 
---------------------------------------------------------------------------------------------------
                    init |                              000 |                              000
                     rst |                              001 |                              001
                rst_wait |                              010 |                              010
                transmit |                              011 |                              011
                  iSTATE |                              100 |                              101
             i2c_confirm |                              101 |                              100
---------------------------------------------------------------------------------------------------
INFO: [Synth 8-3354] encoded FSM with state register 'state_reg' using encoding 'sequential' in module 'ov7670_control'
---------------------------------------------------------------------------------------------------
                   State |                     New Encoding |                Previous Encoding 
---------------------------------------------------------------------------------------------------
                    idle |                               00 |                               00
               dead_zone |                               01 |                               01
                  repeat |                               10 |                               10
---------------------------------------------------------------------------------------------------
INFO: [Synth 8-3354] encoded FSM with state register 'state_reg' using encoding 'sequential' in module 'repeat_timer'
---------------------------------------------------------------------------------
Finished RTL Optimization Phase 2 : Time (s): cpu = 00:00:22 ; elapsed = 00:00:33 . Memory (MB): peak = 1560.613 ; gain = 804.152
---------------------------------------------------------------------------------
---------------------------------------------------------------------------------
Start RTL Component Statistics 
---------------------------------------------------------------------------------
Detailed RTL Component Info : 
+---Adders : 
	   2 Input   25 Bit       Adders := 1     
	   2 Input   17 Bit       Adders := 1     
	   3 Input   12 Bit       Adders := 3     
	   2 Input   12 Bit       Adders := 3     
	   2 Input   10 Bit       Adders := 8     
	   2 Input    9 Bit       Adders := 4     
	   2 Input    8 Bit       Adders := 3     
	   2 Input    6 Bit       Adders := 1     
	   2 Input    5 Bit       Adders := 1     
	   2 Input    3 Bit       Adders := 1     
	   2 Input    2 Bit       Adders := 3     
+---XORs : 
	   2 Input      1 Bit         XORs := 1     
+---Registers : 
	               25 Bit    Registers := 1     
	               24 Bit    Registers := 2     
	               17 Bit    Registers := 1     
	               16 Bit    Registers := 1     
	               15 Bit    Registers := 1     
	               12 Bit    Registers := 6     
	               10 Bit    Registers := 5     
	                9 Bit    Registers := 1     
	                8 Bit    Registers := 5     
	                7 Bit    Registers := 1     
	                6 Bit    Registers := 2     
	                5 Bit    Registers := 3     
	                4 Bit    Registers := 5     
	                3 Bit    Registers := 3     
	                2 Bit    Registers := 3     
	                1 Bit    Registers := 47    
+---RAMs : 
	            2048K Bit	(131072 X 16 bit)          RAMs := 1     
+---Muxes : 
	   2 Input   25 Bit        Muxes := 2     
	   3 Input   25 Bit        Muxes := 1     
	   2 Input   24 Bit        Muxes := 1     
	   2 Input   12 Bit        Muxes := 14    
	   2 Input    9 Bit        Muxes := 6     
	   2 Input    8 Bit        Muxes := 1     
	   2 Input    7 Bit        Muxes := 1     
	   4 Input    7 Bit        Muxes := 1     
	   2 Input    5 Bit        Muxes := 1     
	   4 Input    4 Bit        Muxes := 1     
	   2 Input    4 Bit        Muxes := 4     
	   7 Input    3 Bit        Muxes := 1     
	   2 Input    3 Bit        Muxes := 8     
	   5 Input    3 Bit        Muxes := 1     
	   2 Input    2 Bit        Muxes := 11    
	   3 Input    2 Bit        Muxes := 1     
	   5 Input    2 Bit        Muxes := 1     
	   2 Input    1 Bit        Muxes := 28    
	   5 Input    1 Bit        Muxes := 4     
	   6 Input    1 Bit        Muxes := 2     
	   3 Input    1 Bit        Muxes := 2     
	   4 Input    1 Bit        Muxes := 4     
---------------------------------------------------------------------------------
Finished RTL Component Statistics 
---------------------------------------------------------------------------------
---------------------------------------------------------------------------------
Start Part Resource Summary
---------------------------------------------------------------------------------
Part Resources:
DSPs: 240 (col length:80)
BRAMs: 270 (col length: RAMB18 80 RAMB36 40)
---------------------------------------------------------------------------------
Finished Part Resource Summary
---------------------------------------------------------------------------------
---------------------------------------------------------------------------------
Start Cross Boundary and Area Optimization
---------------------------------------------------------------------------------
DSP Report: Generating DSP col0/mult_reg_b_reg, operation Mode is: (A*B2)'.
DSP Report: register col0/mult_reg_b_reg is absorbed into DSP col0/mult_reg_b_reg.
DSP Report: register col0/mult_reg_b_reg is absorbed into DSP col0/mult_reg_b_reg.
DSP Report: operator col0/multOp is absorbed into DSP col0/mult_reg_b_reg.
DSP Report: Generating DSP col0/mult_reg_g_reg, operation Mode is: (A*B2)'.
DSP Report: register col0/mult_reg_g_reg is absorbed into DSP col0/mult_reg_g_reg.
DSP Report: register col0/mult_reg_g_reg is absorbed into DSP col0/mult_reg_g_reg.
DSP Report: operator col0/multOp is absorbed into DSP col0/mult_reg_g_reg.
DSP Report: Generating DSP col0/mult_reg_r_reg, operation Mode is: (A*B'')'.
DSP Report: register col0/mult_reg_r_reg is absorbed into DSP col0/mult_reg_r_reg.
DSP Report: register col0/mult_reg_r_reg is absorbed into DSP col0/mult_reg_r_reg.
DSP Report: register col0/mult_reg_r_reg is absorbed into DSP col0/mult_reg_r_reg.
DSP Report: operator col0/multOp is absorbed into DSP col0/mult_reg_r_reg.
WARNING: [Synth 8-3917] design top has port OV7670_RESET driven by constant 1
WARNING: [Synth 8-3917] design top has port OV7670_PWDN driven by constant 0
WARNING: [Synth 8-7129] Port bcd[23] in module seg7_display is either unconnected or has no load
WARNING: [Synth 8-7129] Port bcd[22] in module seg7_display is either unconnected or has no load
WARNING: [Synth 8-7129] Port bcd[21] in module seg7_display is either unconnected or has no load
WARNING: [Synth 8-7129] Port bcd[20] in module seg7_display is either unconnected or has no load
---------------------------------------------------------------------------------
Finished Cross Boundary and Area Optimization : Time (s): cpu = 00:00:29 ; elapsed = 00:00:41 . Memory (MB): peak = 1567.520 ; gain = 811.059
---------------------------------------------------------------------------------
 Sort Area is  col0/mult_reg_r_reg_3 : 0 0 : 500 500 : Used 1 time 0
 Sort Area is  col0/mult_reg_b_reg_0 : 0 0 : 494 494 : Used 1 time 0
 Sort Area is  col0/mult_reg_g_reg_2 : 0 0 : 494 494 : Used 1 time 0
---------------------------------------------------------------------------------
Start ROM, RAM, DSP, Shift Register and Retiming Reporting
---------------------------------------------------------------------------------

Block RAM: Preliminary Mapping Report (see note below)
+------------+--------------+------------------------+---+---+-------------------------+---+---+------------------+--------+--------+
|Module Name | RTL Object   | PORT A (Depth x Width) | W | R | PORT B (Depth x Width)  | W | R | Ports driving FF | RAMB18 | RAMB36 | 
+------------+--------------+------------------------+---+---+-------------------------+---+---+------------------+--------+--------+
|top         | buf0/mem_reg | 128 K x 16(NO_CHANGE)  | W |   | 128 K x 16(WRITE_FIRST) |   | R | Port A and B     | 0      | 64     | 
+------------+--------------+------------------------+---+---+-------------------------+---+---+------------------+--------+--------+

Note: The table above is a preliminary report that shows the Block RAMs at the current stage of the synthesis flow. Some Block RAMs may be reimplemented as non Block RAM primitives later in the synthesis flow. Multiple instantiated Block RAMs are reported only once. 

DSP: Preliminary Mapping Report (see note below. The ' indicates corresponding REG is set)
+------------+-------------+--------+--------+--------+--------+--------+------+------+------+------+-------+------+------+
|Module Name | DSP Mapping | A Size | B Size | C Size | D Size | P Size | AREG | BREG | CREG | DREG | ADREG | MREG | PREG | 
+------------+-------------+--------+--------+--------+--------+--------+------+------+------+------+-------+------+------+
|top         | (A*B2)'     | 12     | 6      | -      | -      | 18     | 0    | 1    | -    | -    | -     | 1    | 0    | 
|top         | (A*B2)'     | 12     | 6      | -      | -      | 18     | 0    | 1    | -    | -    | -     | 1    | 0    | 
|top         | (A*B'')'    | 12     | 6      | -      | -      | 18     | 0    | 2    | -    | -    | -     | 1    | 0    | 
+------------+-------------+--------+--------+--------+--------+--------+------+------+------+------+-------+------+------+

Note: The table above is a preliminary report that shows the DSPs inferred at the current stage of the synthesis flow. Some DSP may be reimplemented as non DSP primitives later in the synthesis flow. Multiple instantiated DSPs are reported only once.
---------------------------------------------------------------------------------
Finished ROM, RAM, DSP, Shift Register and Retiming Reporting
---------------------------------------------------------------------------------
---------------------------------------------------------------------------------
Start Applying XDC Timing Constraints
---------------------------------------------------------------------------------
---------------------------------------------------------------------------------
Finished Applying XDC Timing Constraints : Time (s): cpu = 00:00:36 ; elapsed = 00:00:49 . Memory (MB): peak = 1709.930 ; gain = 953.469
---------------------------------------------------------------------------------
---------------------------------------------------------------------------------
Start Timing Optimization
---------------------------------------------------------------------------------
---------------------------------------------------------------------------------
Finished Timing Optimization : Time (s): cpu = 00:00:38 ; elapsed = 00:00:51 . Memory (MB): peak = 1765.574 ; gain = 1009.113
---------------------------------------------------------------------------------
---------------------------------------------------------------------------------
Start ROM, RAM, DSP, Shift Register and Retiming Reporting
---------------------------------------------------------------------------------

Block RAM: Final Mapping Report
+------------+--------------+------------------------+---+---+-------------------------+---+---+------------------+--------+--------+
|Module Name | RTL Object   | PORT A (Depth x Width) | W | R | PORT B (Depth x Width)  | W | R | Ports driving FF | RAMB18 | RAMB36 | 
+------------+--------------+------------------------+---+---+-------------------------+---+---+------------------+--------+--------+
|top         | buf0/mem_reg | 128 K x 16(NO_CHANGE)  | W |   | 128 K x 16(WRITE_FIRST) |   | R | Port A and B     | 0      | 64     | 
+------------+--------------+------------------------+---+---+-------------------------+---+---+------------------+--------+--------+

---------------------------------------------------------------------------------
Finished ROM, RAM, DSP, Shift Register and Retiming Reporting
---------------------------------------------------------------------------------
---------------------------------------------------------------------------------
Start Technology Mapping
---------------------------------------------------------------------------------
INFO: [Synth 8-7052] The timing for the instance buf0/mem_reg_1_1 (implemented as a Block RAM) might be sub-optimal as no optional output register could be merged into the ram block. Providing additional output register may help in improving timing.
INFO: [Synth 8-7052] The timing for the instance buf0/mem_reg_1_2 (implemented as a Block RAM) might be sub-optimal as no optional output register could be merged into the ram block. Providing additional output register may help in improving timing.
INFO: [Synth 8-7052] The timing for the instance buf0/mem_reg_1_3 (implemented as a Block RAM) might be sub-optimal as no optional output register could be merged into the ram block. Providing additional output register may help in improving timing.
INFO: [Synth 8-7052] The timing for the instance buf0/mem_reg_1_4 (implemented as a Block RAM) might be sub-optimal as no optional output register could be merged into the ram block. Providing additional output register may help in improving timing.
INFO: [Synth 8-7052] The timing for the instance buf0/mem_reg_1_7 (implemented as a Block RAM) might be sub-optimal as no optional output register could be merged into the ram block. Providing additional output register may help in improving timing.
INFO: [Synth 8-7052] The timing for the instance buf0/mem_reg_1_8 (implemented as a Block RAM) might be sub-optimal as no optional output register could be merged into the ram block. Providing additional output register may help in improving timing.
INFO: [Synth 8-7052] The timing for the instance buf0/mem_reg_1_9 (implemented as a Block RAM) might be sub-optimal as no optional output register could be merged into the ram block. Providing additional output register may help in improving timing.
INFO: [Synth 8-7052] The timing for the instance buf0/mem_reg_1_10 (implemented as a Block RAM) might be sub-optimal as no optional output register could be merged into the ram block. Providing additional output register may help in improving timing.
INFO: [Synth 8-7052] The timing for the instance buf0/mem_reg_1_12 (implemented as a Block RAM) might be sub-optimal as no optional output register could be merged into the ram block. Providing additional output register may help in improving timing.
INFO: [Synth 8-7052] The timing for the instance buf0/mem_reg_1_13 (implemented as a Block RAM) might be sub-optimal as no optional output register could be merged into the ram block. Providing additional output register may help in improving timing.
INFO: [Synth 8-7052] The timing for the instance buf0/mem_reg_1_14 (implemented as a Block RAM) might be sub-optimal as no optional output register could be merged into the ram block. Providing additional output register may help in improving timing.
INFO: [Synth 8-7052] The timing for the instance buf0/mem_reg_1_15 (implemented as a Block RAM) might be sub-optimal as no optional output register could be merged into the ram block. Providing additional output register may help in improving timing.
INFO: [Synth 8-7052] The timing for the instance buf0/mem_reg_3_1 (implemented as a Block RAM) might be sub-optimal as no optional output register could be merged into the ram block. Providing additional output register may help in improving timing.
INFO: [Synth 8-7052] The timing for the instance buf0/mem_reg_3_2 (implemented as a Block RAM) might be sub-optimal as no optional output register could be merged into the ram block. Providing additional output register may help in improving timing.
INFO: [Synth 8-7052] The timing for the instance buf0/mem_reg_3_3 (implemented as a Block RAM) might be sub-optimal as no optional output register could be merged into the ram block. Providing additional output register may help in improving timing.
INFO: [Synth 8-7052] The timing for the instance buf0/mem_reg_3_4 (implemented as a Block RAM) might be sub-optimal as no optional output register could be merged into the ram block. Providing additional output register may help in improving timing.
INFO: [Synth 8-7052] The timing for the instance buf0/mem_reg_3_7 (implemented as a Block RAM) might be sub-optimal as no optional output register could be merged into the ram block. Providing additional output register may help in improving timing.
INFO: [Synth 8-7052] The timing for the instance buf0/mem_reg_3_8 (implemented as a Block RAM) might be sub-optimal as no optional output register could be merged into the ram block. Providing additional output register may help in improving timing.
INFO: [Synth 8-7052] The timing for the instance buf0/mem_reg_3_9 (implemented as a Block RAM) might be sub-optimal as no optional output register could be merged into the ram block. Providing additional output register may help in improving timing.
INFO: [Synth 8-7052] The timing for the instance buf0/mem_reg_3_10 (implemented as a Block RAM) might be sub-optimal as no optional output register could be merged into the ram block. Providing additional output register may help in improving timing.
INFO: [Synth 8-7052] The timing for the instance buf0/mem_reg_3_12 (implemented as a Block RAM) might be sub-optimal as no optional output register could be merged into the ram block. Providing additional output register may help in improving timing.
INFO: [Synth 8-7052] The timing for the instance buf0/mem_reg_3_13 (implemented as a Block RAM) might be sub-optimal as no optional output register could be merged into the ram block. Providing additional output register may help in improving timing.
INFO: [Synth 8-7052] The timing for the instance buf0/mem_reg_3_14 (implemented as a Block RAM) might be sub-optimal as no optional output register could be merged into the ram block. Providing additional output register may help in improving timing.
INFO: [Synth 8-7052] The timing for the instance buf0/mem_reg_3_15 (implemented as a Block RAM) might be sub-optimal as no optional output register could be merged into the ram block. Providing additional output register may help in improving timing.
---------------------------------------------------------------------------------
Finished Technology Mapping : Time (s): cpu = 00:00:39 ; elapsed = 00:00:52 . Memory (MB): peak = 1769.703 ; gain = 1013.242
---------------------------------------------------------------------------------
---------------------------------------------------------------------------------
Start IO Insertion
---------------------------------------------------------------------------------
---------------------------------------------------------------------------------
Start Flattening Before IO Insertion
---------------------------------------------------------------------------------
---------------------------------------------------------------------------------
Finished Flattening Before IO Insertion
---------------------------------------------------------------------------------
---------------------------------------------------------------------------------
Start Final Netlist Cleanup
---------------------------------------------------------------------------------
---------------------------------------------------------------------------------
Finished Final Netlist Cleanup
---------------------------------------------------------------------------------
---------------------------------------------------------------------------------
Finished IO Insertion : Time (s): cpu = 00:00:43 ; elapsed = 00:00:57 . Memory (MB): peak = 1967.305 ; gain = 1210.844
---------------------------------------------------------------------------------
---------------------------------------------------------------------------------
Start Renaming Generated Instances
---------------------------------------------------------------------------------
---------------------------------------------------------------------------------
Finished Renaming Generated Instances : Time (s): cpu = 00:00:43 ; elapsed = 00:00:57 . Memory (MB): peak = 1967.305 ; gain = 1210.844
---------------------------------------------------------------------------------
---------------------------------------------------------------------------------
Start Rebuilding User Hierarchy
---------------------------------------------------------------------------------
---------------------------------------------------------------------------------
Finished Rebuilding User Hierarchy : Time (s): cpu = 00:00:43 ; elapsed = 00:00:57 . Memory (MB): peak = 1967.305 ; gain = 1210.844
---------------------------------------------------------------------------------
---------------------------------------------------------------------------------
Start Renaming Generated Ports
---------------------------------------------------------------------------------
---------------------------------------------------------------------------------
Finished Renaming Generated Ports : Time (s): cpu = 00:00:43 ; elapsed = 00:00:57 . Memory (MB): peak = 1967.305 ; gain = 1210.844
---------------------------------------------------------------------------------
---------------------------------------------------------------------------------
Start Handling Custom Attributes
---------------------------------------------------------------------------------
---------------------------------------------------------------------------------
Finished Handling Custom Attributes : Time (s): cpu = 00:00:43 ; elapsed = 00:00:57 . Memory (MB): peak = 1968.398 ; gain = 1211.938
---------------------------------------------------------------------------------
---------------------------------------------------------------------------------
Start Renaming Generated Nets
---------------------------------------------------------------------------------
---------------------------------------------------------------------------------
Finished Renaming Generated Nets : Time (s): cpu = 00:00:43 ; elapsed = 00:00:57 . Memory (MB): peak = 1968.398 ; gain = 1211.938
---------------------------------------------------------------------------------
---------------------------------------------------------------------------------
Start ROM, RAM, DSP, Shift Register and Retiming Reporting
---------------------------------------------------------------------------------

Static Shift Register Report:
+------------+-------------------+--------+-------+--------------+--------------------+-------------------+--------+---------+
|Module Name | RTL Name          | Length | Width | Reset Signal | Pull out first Reg | Pull out last Reg | SRL16E | SRLC32E | 
+------------+-------------------+--------+-------+--------------+--------------------+-------------------+--------+---------+
|top         | vga0/hsync_reg[2] | 3      | 1     | NO           | NO                 | YES               | 1      | 0       | 
|top         | vga0/vsync_reg[2] | 3      | 1     | NO           | NO                 | YES               | 1      | 0       | 
+------------+-------------------+--------+-------+--------------+--------------------+-------------------+--------+---------+

---------------------------------------------------------------------------------
Finished ROM, RAM, DSP, Shift Register and Retiming Reporting
---------------------------------------------------------------------------------
---------------------------------------------------------------------------------
Start Writing Synthesis Report
---------------------------------------------------------------------------------

DSP Final Report (the ' indicates corresponding REG is set)
+------------+-------------+--------+--------+--------+--------+--------+------+------+------+------+-------+------+------+
|Module Name | DSP Mapping | A Size | B Size | C Size | D Size | P Size | AREG | BREG | CREG | DREG | ADREG | MREG | PREG | 
+------------+-------------+--------+--------+--------+--------+--------+------+------+------+------+-------+------+------+
|top         | (A*B')'     | 12     | 6      | -      | -      | 18     | 0    | 1    | -    | -    | -     | 0    | 1    | 
|top         | (A*B')'     | 12     | 6      | -      | -      | 18     | 0    | 1    | -    | -    | -     | 0    | 1    | 
|top         | (A*B'')'    | 12     | 6      | -      | -      | 18     | 0    | 2    | -    | -    | -     | 0    | 1    | 
+------------+-------------+--------+--------+--------+--------+--------+------+------+------+------+-------+------+------+


Report BlackBoxes: 
+------+--------------+----------+
|      |BlackBox name |Instances |
+------+--------------+----------+
|1     |clk_wiz_1     |         1|
+------+--------------+----------+

Report Cell Usage: 
+------+---------+------+
|      |Cell     |Count |
+------+---------+------+
|1     |clk_wiz  |     1|
|2     |BUFG     |     1|
|3     |CARRY4   |    80|
|4     |DSP48E1  |     3|
|6     |LUT1     |   115|
|7     |LUT2     |   229|
|8     |LUT3     |   100|
|9     |LUT4     |   122|
|10    |LUT5     |   129|
|11    |LUT6     |   174|
|12    |RAMB36E1 |    48|
|14    |SRL16E   |     2|
|15    |FDRE     |   470|
|16    |FDSE     |    20|
|17    |IBUF     |    18|
|18    |IOBUF    |     1|
|19    |OBUF     |    39|
+------+---------+------+
---------------------------------------------------------------------------------
Finished Writing Synthesis Report : Time (s): cpu = 00:00:43 ; elapsed = 00:00:57 . Memory (MB): peak = 1968.398 ; gain = 1211.938
---------------------------------------------------------------------------------
Synthesis finished with 0 errors, 0 critical warnings and 6 warnings.
Synthesis Optimization Runtime : Time (s): cpu = 00:00:30 ; elapsed = 00:00:52 . Memory (MB): peak = 1968.398 ; gain = 1141.691
Synthesis Optimization Complete : Time (s): cpu = 00:00:43 ; elapsed = 00:00:57 . Memory (MB): peak = 1968.398 ; gain = 1211.938
INFO: [Project 1-571] Translating synthesized netlist
Netlist sorting complete. Time (s): cpu = 00:00:00 ; elapsed = 00:00:00.029 . Memory (MB): peak = 1977.625 ; gain = 0.000
INFO: [Netlist 29-17] Analyzing 132 Unisim elements for replacement
INFO: [Netlist 29-28] Unisim Transformation completed in 0 CPU seconds
INFO: [Project 1-570] Preparing netlist for logic optimization
INFO: [Opt 31-138] Pushed 0 inverter(s) to 0 load pin(s).
Netlist sorting complete. Time (s): cpu = 00:00:00 ; elapsed = 00:00:00.002 . Memory (MB): peak = 1981.305 ; gain = 0.000
INFO: [Project 1-111] Unisim Transformation Summary:
  A total of 1 instances were transformed.
  IOBUF => IOBUF (IBUF, OBUFT): 1 instance 

Synth Design complete | Checksum: 2ba4491a
INFO: [Common 17-83] Releasing license: Synthesis
89 Infos, 26 Warnings, 0 Critical Warnings and 0 Errors encountered.
synth_design completed successfully
synth_design: Time (s): cpu = 00:00:48 ; elapsed = 00:01:11 . Memory (MB): peak = 1981.305 ; gain = 1431.266
Write ShapeDB Complete: Time (s): cpu = 00:00:00 ; elapsed = 00:00:00.004 . Memory (MB): peak = 1981.305 ; gain = 0.000
INFO: [Common 17-1381] The checkpoint 'E:/FPGA_Kacke/fpga_camera/fpga_camera.runs/synth_1/top.dcp' has been generated.
INFO: [Vivado 12-24828] Executing command : report_utilization -file top_utilization_synth.rpt -pb top_utilization_synth.pb
INFO: [Common 17-206] Exiting Vivado at Sun Jul  5 23:17:13 2026...
