Copyright 1986-2022 Xilinx, Inc. All Rights Reserved. Copyright 2022-2025 Advanced Micro Devices, Inc. All Rights Reserved.
-----------------------------------------------------------------------------------------------------------------------------------------------
| Tool Version : Vivado v.2025.2 (win64) Build 6299465 Fri Nov 14 19:35:11 GMT 2025
| Date         : Sun Jul  5 23:21:02 2026
| Host         : Ryzen-Rig running 64-bit major release  (build 9200)
| Command      : report_methodology -file top_methodology_drc_routed.rpt -pb top_methodology_drc_routed.pb -rpx top_methodology_drc_routed.rpx
| Design       : top
| Device       : xc7a100tcsg324-1
| Speed File   : -1
| Design State : Fully Routed
-----------------------------------------------------------------------------------------------------------------------------------------------

Report Methodology

Table of Contents
-----------------
1. REPORT SUMMARY
2. REPORT DETAILS

1. REPORT SUMMARY
-----------------
            Netlist: netlist
          Floorplan: design_1
      Design limits: <entire design considered>
             Max checks: <unlimited>
             Checks found: 57
+-----------+------------------+------------------------------------------------------------------+--------+
| Rule      | Severity         | Description                                                      | Checks |
+-----------+------------------+------------------------------------------------------------------+--------+
| TIMING-6  | Critical Warning | No common primary clock between related clocks                   | 6      |
| TIMING-7  | Critical Warning | No common node between related clocks                            | 2      |
| SYNTH-6   | Warning          | Timing of a RAM block might be sub-optimal                       | 24     |
| TIMING-18 | Warning          | Missing input or output delay                                    | 12     |
| TIMING-56 | Warning          | Missing logically or physically excluded clock groups constraint | 3      |
| XDCH-2    | Warning          | Same min and max delay values on IO port                         | 10     |
+-----------+------------------+------------------------------------------------------------------+--------+

2. REPORT DETAILS
-----------------
TIMING-6#1 Critical Warning
No common primary clock between related clocks  
The clocks clk25_clk_wiz_1 and clk25_clk_wiz_1_1 are related (timed together) but they have no common primary clock. The design could fail in hardware. To find a timing path between these clocks, run the following command: report_timing -from [get_clocks clk25_clk_wiz_1] -to [get_clocks clk25_clk_wiz_1_1]
Related violations: <none>

TIMING-6#2 Critical Warning
No common primary clock between related clocks  
The clocks clk25_clk_wiz_1_1 and clk25_clk_wiz_1 are related (timed together) but they have no common primary clock. The design could fail in hardware. To find a timing path between these clocks, run the following command: report_timing -from [get_clocks clk25_clk_wiz_1_1] -to [get_clocks clk25_clk_wiz_1]
Related violations: <none>

TIMING-6#3 Critical Warning
No common primary clock between related clocks  
The clocks clk50_clk_wiz_1 and cam_clk_pin are related (timed together) but they have no common primary clock. The design could fail in hardware. To find a timing path between these clocks, run the following command: report_timing -from [get_clocks clk50_clk_wiz_1] -to [get_clocks cam_clk_pin]
Related violations: <none>

TIMING-6#4 Critical Warning
No common primary clock between related clocks  
The clocks clk50_clk_wiz_1 and clk50_clk_wiz_1_1 are related (timed together) but they have no common primary clock. The design could fail in hardware. To find a timing path between these clocks, run the following command: report_timing -from [get_clocks clk50_clk_wiz_1] -to [get_clocks clk50_clk_wiz_1_1]
Related violations: <none>

TIMING-6#5 Critical Warning
No common primary clock between related clocks  
The clocks clk50_clk_wiz_1_1 and cam_clk_pin are related (timed together) but they have no common primary clock. The design could fail in hardware. To find a timing path between these clocks, run the following command: report_timing -from [get_clocks clk50_clk_wiz_1_1] -to [get_clocks cam_clk_pin]
Related violations: <none>

TIMING-6#6 Critical Warning
No common primary clock between related clocks  
The clocks clk50_clk_wiz_1_1 and clk50_clk_wiz_1 are related (timed together) but they have no common primary clock. The design could fail in hardware. To find a timing path between these clocks, run the following command: report_timing -from [get_clocks clk50_clk_wiz_1_1] -to [get_clocks clk50_clk_wiz_1]
Related violations: <none>

TIMING-7#1 Critical Warning
No common node between related clocks  
The clocks clk50_clk_wiz_1 and cam_clk_pin are related (timed together) but they have no common node. The design could fail in hardware. To find a timing path between these clocks, run the following command: report_timing -from [get_clocks clk50_clk_wiz_1] -to [get_clocks cam_clk_pin]
Related violations: <none>

TIMING-7#2 Critical Warning
No common node between related clocks  
The clocks clk50_clk_wiz_1_1 and cam_clk_pin are related (timed together) but they have no common node. The design could fail in hardware. To find a timing path between these clocks, run the following command: report_timing -from [get_clocks clk50_clk_wiz_1_1] -to [get_clocks cam_clk_pin]
Related violations: <none>

SYNTH-6#1 Warning
Timing of a RAM block might be sub-optimal  
The timing for the instance buf0/mem_reg_1_1, implemented as a RAM block, might be sub-optimal as no output register was merged into the block.
Related violations: <none>

SYNTH-6#2 Warning
Timing of a RAM block might be sub-optimal  
The timing for the instance buf0/mem_reg_1_10, implemented as a RAM block, might be sub-optimal as no output register was merged into the block.
Related violations: <none>

SYNTH-6#3 Warning
Timing of a RAM block might be sub-optimal  
The timing for the instance buf0/mem_reg_1_12, implemented as a RAM block, might be sub-optimal as no output register was merged into the block.
Related violations: <none>

SYNTH-6#4 Warning
Timing of a RAM block might be sub-optimal  
The timing for the instance buf0/mem_reg_1_13, implemented as a RAM block, might be sub-optimal as no output register was merged into the block.
Related violations: <none>

SYNTH-6#5 Warning
Timing of a RAM block might be sub-optimal  
The timing for the instance buf0/mem_reg_1_14, implemented as a RAM block, might be sub-optimal as no output register was merged into the block.
Related violations: <none>

SYNTH-6#6 Warning
Timing of a RAM block might be sub-optimal  
The timing for the instance buf0/mem_reg_1_15, implemented as a RAM block, might be sub-optimal as no output register was merged into the block.
Related violations: <none>

SYNTH-6#7 Warning
Timing of a RAM block might be sub-optimal  
The timing for the instance buf0/mem_reg_1_2, implemented as a RAM block, might be sub-optimal as no output register was merged into the block.
Related violations: <none>

SYNTH-6#8 Warning
Timing of a RAM block might be sub-optimal  
The timing for the instance buf0/mem_reg_1_3, implemented as a RAM block, might be sub-optimal as no output register was merged into the block.
Related violations: <none>

SYNTH-6#9 Warning
Timing of a RAM block might be sub-optimal  
The timing for the instance buf0/mem_reg_1_4, implemented as a RAM block, might be sub-optimal as no output register was merged into the block.
Related violations: <none>

SYNTH-6#10 Warning
Timing of a RAM block might be sub-optimal  
The timing for the instance buf0/mem_reg_1_7, implemented as a RAM block, might be sub-optimal as no output register was merged into the block.
Related violations: <none>

SYNTH-6#11 Warning
Timing of a RAM block might be sub-optimal  
The timing for the instance buf0/mem_reg_1_8, implemented as a RAM block, might be sub-optimal as no output register was merged into the block.
Related violations: <none>

SYNTH-6#12 Warning
Timing of a RAM block might be sub-optimal  
The timing for the instance buf0/mem_reg_1_9, implemented as a RAM block, might be sub-optimal as no output register was merged into the block.
Related violations: <none>

SYNTH-6#13 Warning
Timing of a RAM block might be sub-optimal  
The timing for the instance buf0/mem_reg_3_1, implemented as a RAM block, might be sub-optimal as no output register was merged into the block.
Related violations: <none>

SYNTH-6#14 Warning
Timing of a RAM block might be sub-optimal  
The timing for the instance buf0/mem_reg_3_10, implemented as a RAM block, might be sub-optimal as no output register was merged into the block.
Related violations: <none>

SYNTH-6#15 Warning
Timing of a RAM block might be sub-optimal  
The timing for the instance buf0/mem_reg_3_12, implemented as a RAM block, might be sub-optimal as no output register was merged into the block.
Related violations: <none>

SYNTH-6#16 Warning
Timing of a RAM block might be sub-optimal  
The timing for the instance buf0/mem_reg_3_13, implemented as a RAM block, might be sub-optimal as no output register was merged into the block.
Related violations: <none>

SYNTH-6#17 Warning
Timing of a RAM block might be sub-optimal  
The timing for the instance buf0/mem_reg_3_14, implemented as a RAM block, might be sub-optimal as no output register was merged into the block.
Related violations: <none>

SYNTH-6#18 Warning
Timing of a RAM block might be sub-optimal  
The timing for the instance buf0/mem_reg_3_15, implemented as a RAM block, might be sub-optimal as no output register was merged into the block.
Related violations: <none>

SYNTH-6#19 Warning
Timing of a RAM block might be sub-optimal  
The timing for the instance buf0/mem_reg_3_2, implemented as a RAM block, might be sub-optimal as no output register was merged into the block.
Related violations: <none>

SYNTH-6#20 Warning
Timing of a RAM block might be sub-optimal  
The timing for the instance buf0/mem_reg_3_3, implemented as a RAM block, might be sub-optimal as no output register was merged into the block.
Related violations: <none>

SYNTH-6#21 Warning
Timing of a RAM block might be sub-optimal  
The timing for the instance buf0/mem_reg_3_4, implemented as a RAM block, might be sub-optimal as no output register was merged into the block.
Related violations: <none>

SYNTH-6#22 Warning
Timing of a RAM block might be sub-optimal  
The timing for the instance buf0/mem_reg_3_7, implemented as a RAM block, might be sub-optimal as no output register was merged into the block.
Related violations: <none>

SYNTH-6#23 Warning
Timing of a RAM block might be sub-optimal  
The timing for the instance buf0/mem_reg_3_8, implemented as a RAM block, might be sub-optimal as no output register was merged into the block.
Related violations: <none>

SYNTH-6#24 Warning
Timing of a RAM block might be sub-optimal  
The timing for the instance buf0/mem_reg_3_9, implemented as a RAM block, might be sub-optimal as no output register was merged into the block.
Related violations: <none>

TIMING-18#1 Warning
Missing input or output delay  
An input delay is missing on OV7670_D[0] relative to the rising and/or falling clock edge(s) of cam_clk_pin.
Related violations: <none>

TIMING-18#2 Warning
Missing input or output delay  
An input delay is missing on OV7670_D[1] relative to the rising and/or falling clock edge(s) of cam_clk_pin.
Related violations: <none>

TIMING-18#3 Warning
Missing input or output delay  
An input delay is missing on OV7670_D[2] relative to the rising and/or falling clock edge(s) of cam_clk_pin.
Related violations: <none>

TIMING-18#4 Warning
Missing input or output delay  
An input delay is missing on OV7670_D[3] relative to the rising and/or falling clock edge(s) of cam_clk_pin.
Related violations: <none>

TIMING-18#5 Warning
Missing input or output delay  
An input delay is missing on OV7670_D[4] relative to the rising and/or falling clock edge(s) of cam_clk_pin.
Related violations: <none>

TIMING-18#6 Warning
Missing input or output delay  
An input delay is missing on OV7670_D[5] relative to the rising and/or falling clock edge(s) of cam_clk_pin.
Related violations: <none>

TIMING-18#7 Warning
Missing input or output delay  
An input delay is missing on OV7670_D[6] relative to the rising and/or falling clock edge(s) of cam_clk_pin.
Related violations: <none>

TIMING-18#8 Warning
Missing input or output delay  
An input delay is missing on OV7670_D[7] relative to the rising and/or falling clock edge(s) of cam_clk_pin.
Related violations: <none>

TIMING-18#9 Warning
Missing input or output delay  
An input delay is missing on OV7670_HREF relative to the rising and/or falling clock edge(s) of cam_clk_pin.
Related violations: <none>

TIMING-18#10 Warning
Missing input or output delay  
An input delay is missing on OV7670_VSYNC relative to the rising and/or falling clock edge(s) of cam_clk_pin.
Related violations: <none>

TIMING-18#11 Warning
Missing input or output delay  
An output delay is missing on LED[0] relative to the rising and/or falling clock edge(s) of cam_clk_pin.
Related violations: <none>

TIMING-18#12 Warning
Missing input or output delay  
An output delay is missing on LED[1] relative to the rising and/or falling clock edge(s) of cam_clk_pin.
Related violations: <none>

TIMING-56#1 Warning
Missing logically or physically excluded clock groups constraint  
Multiple clocks are user generated or auto-derived on the source pin clkgen0/inst/mmcm_adv_inst/CLKFBOUT but are not logically or physically exclusive with respect to one another. To have the static timing analysis match the behavior in hardware, there cannot be multiple clocks generated on the same pin and when such situation occurs, the clocks should be defined as physically or logically exclusive. The list of clocks generated on the source pin is: clkfbout_clk_wiz_1, clkfbout_clk_wiz_1_1
Related violations: <none>

TIMING-56#2 Warning
Missing logically or physically excluded clock groups constraint  
Multiple clocks are user generated or auto-derived on the source pin clkgen0/inst/mmcm_adv_inst/CLKOUT0 but are not logically or physically exclusive with respect to one another. To have the static timing analysis match the behavior in hardware, there cannot be multiple clocks generated on the same pin and when such situation occurs, the clocks should be defined as physically or logically exclusive. The list of clocks generated on the source pin is: clk50_clk_wiz_1, clk50_clk_wiz_1_1
Related violations: <none>

TIMING-56#3 Warning
Missing logically or physically excluded clock groups constraint  
Multiple clocks are user generated or auto-derived on the source pin clkgen0/inst/mmcm_adv_inst/CLKOUT1 but are not logically or physically exclusive with respect to one another. To have the static timing analysis match the behavior in hardware, there cannot be multiple clocks generated on the same pin and when such situation occurs, the clocks should be defined as physically or logically exclusive. The list of clocks generated on the source pin is: clk25_clk_wiz_1, clk25_clk_wiz_1_1
Related violations: <none>

XDCH-2#1 Warning
Same min and max delay values on IO port  
The same input delay of 0.000 ns has been defined on port 'OV7670_D[0]' relative to clock cam_clk_pin for both max and min. Make sure this reflects the design intent.
set_input_delay -clock cam_clk_pin -clock_fall 0.000 [get_ports {OV7670_D[0]}]
E:/FPGA_Kacke/fpga_camera/fpga_camera.srcs/constrs_1/imports/sources_video_system/Nexys4DDR_Master.xdc (Line: 119)
Related violations: <none>

XDCH-2#2 Warning
Same min and max delay values on IO port  
The same input delay of 0.000 ns has been defined on port 'OV7670_D[1]' relative to clock cam_clk_pin for both max and min. Make sure this reflects the design intent.
set_input_delay -clock cam_clk_pin -clock_fall 0.000 [get_ports {OV7670_D[1]}]
E:/FPGA_Kacke/fpga_camera/fpga_camera.srcs/constrs_1/imports/sources_video_system/Nexys4DDR_Master.xdc (Line: 120)
Related violations: <none>

XDCH-2#3 Warning
Same min and max delay values on IO port  
The same input delay of 0.000 ns has been defined on port 'OV7670_D[2]' relative to clock cam_clk_pin for both max and min. Make sure this reflects the design intent.
set_input_delay -clock cam_clk_pin -clock_fall 0.000 [get_ports {OV7670_D[2]}]
E:/FPGA_Kacke/fpga_camera/fpga_camera.srcs/constrs_1/imports/sources_video_system/Nexys4DDR_Master.xdc (Line: 121)
Related violations: <none>

XDCH-2#4 Warning
Same min and max delay values on IO port  
The same input delay of 0.000 ns has been defined on port 'OV7670_D[3]' relative to clock cam_clk_pin for both max and min. Make sure this reflects the design intent.
set_input_delay -clock cam_clk_pin -clock_fall 0.000 [get_ports {OV7670_D[3]}]
E:/FPGA_Kacke/fpga_camera/fpga_camera.srcs/constrs_1/imports/sources_video_system/Nexys4DDR_Master.xdc (Line: 122)
Related violations: <none>

XDCH-2#5 Warning
Same min and max delay values on IO port  
The same input delay of 0.000 ns has been defined on port 'OV7670_D[4]' relative to clock cam_clk_pin for both max and min. Make sure this reflects the design intent.
set_input_delay -clock cam_clk_pin -clock_fall 0.000 [get_ports {OV7670_D[4]}]
E:/FPGA_Kacke/fpga_camera/fpga_camera.srcs/constrs_1/imports/sources_video_system/Nexys4DDR_Master.xdc (Line: 123)
Related violations: <none>

XDCH-2#6 Warning
Same min and max delay values on IO port  
The same input delay of 0.000 ns has been defined on port 'OV7670_D[5]' relative to clock cam_clk_pin for both max and min. Make sure this reflects the design intent.
set_input_delay -clock cam_clk_pin -clock_fall 0.000 [get_ports {OV7670_D[5]}]
E:/FPGA_Kacke/fpga_camera/fpga_camera.srcs/constrs_1/imports/sources_video_system/Nexys4DDR_Master.xdc (Line: 124)
Related violations: <none>

XDCH-2#7 Warning
Same min and max delay values on IO port  
The same input delay of 0.000 ns has been defined on port 'OV7670_D[6]' relative to clock cam_clk_pin for both max and min. Make sure this reflects the design intent.
set_input_delay -clock cam_clk_pin -clock_fall 0.000 [get_ports {OV7670_D[6]}]
E:/FPGA_Kacke/fpga_camera/fpga_camera.srcs/constrs_1/imports/sources_video_system/Nexys4DDR_Master.xdc (Line: 125)
Related violations: <none>

XDCH-2#8 Warning
Same min and max delay values on IO port  
The same input delay of 0.000 ns has been defined on port 'OV7670_D[7]' relative to clock cam_clk_pin for both max and min. Make sure this reflects the design intent.
set_input_delay -clock cam_clk_pin -clock_fall 0.000 [get_ports {OV7670_D[7]}]
E:/FPGA_Kacke/fpga_camera/fpga_camera.srcs/constrs_1/imports/sources_video_system/Nexys4DDR_Master.xdc (Line: 126)
Related violations: <none>

XDCH-2#9 Warning
Same min and max delay values on IO port  
The same input delay of 0.000 ns has been defined on port 'OV7670_HREF' relative to clock cam_clk_pin for both max and min. Make sure this reflects the design intent.
set_input_delay -clock cam_clk_pin -clock_fall 0.000 [get_ports OV7670_HREF]
E:/FPGA_Kacke/fpga_camera/fpga_camera.srcs/constrs_1/imports/sources_video_system/Nexys4DDR_Master.xdc (Line: 128)
Related violations: <none>

XDCH-2#10 Warning
Same min and max delay values on IO port  
The same input delay of 0.000 ns has been defined on port 'OV7670_VSYNC' relative to clock cam_clk_pin for both max and min. Make sure this reflects the design intent.
set_input_delay -clock cam_clk_pin -clock_fall 0.000 [get_ports OV7670_VSYNC]
E:/FPGA_Kacke/fpga_camera/fpga_camera.srcs/constrs_1/imports/sources_video_system/Nexys4DDR_Master.xdc (Line: 127)
Related violations: <none>


